<?xml version="1.0" encoding="UTF-8"?>
<!-- Generated by org.testng.reporters.JUnitXMLReporter -->
<testsuite ignored="0" hostname="HAQUE2531" failures="0" tests="6" name="Test" time="0.094" errors="0" timestamp="2025-07-14T10:54:09 IST">
  <testcase classname="TestingTest.Testing2" name="printTest1" time="0.012"/>
  <testcase classname="TestingTest.Testing2" name="printTest2" time="0.004"/>
  <testcase classname="TestingTest.Testing2" name="printTest3" time="0.004"/>
  <testcase classname="TestingTest.Testing1" name="printTest1" time="0.002"/>
  <testcase classname="TestingTest.Testing1" name="printTest2" time="0.007"/>
  <testcase classname="TestingTest.Testing1" name="printTest3" time="0.004"/>
</testsuite> <!-- Test -->
