<?xml version="1.0" encoding="UTF-8"?>
<testng-results ignored="0" total="6" passed="6" failed="0" skipped="0">
  <reporter-output>
  </reporter-output>
  <suite started-at="2025-07-14T10:54:09 IST" name="Suite" finished-at="2025-07-14T10:54:09 IST" duration-ms="94">
    <groups>
    </groups>
    <test started-at="2025-07-14T10:54:09 IST" name="Test" finished-at="2025-07-14T10:54:09 IST" duration-ms="94">
      <class name="TestingTest.Testing1">
        <test-method signature="printTest1()[pri:0, instance:TestingTest.Testing1@77847718]" started-at="2025-07-14T10:54:09 IST" name="printTest1" finished-at="2025-07-14T10:54:09 IST" duration-ms="2" status="PASS">
          <reporter-output>
          </reporter-output>
        </test-method> <!-- printTest1 -->
        <test-method signature="printTest2()[pri:0, instance:TestingTest.Testing1@77847718]" started-at="2025-07-14T10:54:09 IST" name="printTest2" finished-at="2025-07-14T10:54:09 IST" duration-ms="7" status="PASS">
          <reporter-output>
          </reporter-output>
        </test-method> <!-- printTest2 -->
        <test-method signature="printTest3()[pri:0, instance:TestingTest.Testing1@77847718]" started-at="2025-07-14T10:54:09 IST" name="printTest3" finished-at="2025-07-14T10:54:09 IST" duration-ms="4" status="PASS">
          <reporter-output>
          </reporter-output>
        </test-method> <!-- printTest3 -->
      </class> <!-- TestingTest.Testing1 -->
      <class name="TestingTest.Testing2">
        <test-method signature="printTest1()[pri:0, instance:TestingTest.Testing2@49ec71f8]" started-at="2025-07-14T10:54:09 IST" name="printTest1" finished-at="2025-07-14T10:54:09 IST" duration-ms="12" status="PASS">
          <reporter-output>
          </reporter-output>
        </test-method> <!-- printTest1 -->
        <test-method signature="printTest2()[pri:0, instance:TestingTest.Testing2@49ec71f8]" started-at="2025-07-14T10:54:09 IST" name="printTest2" finished-at="2025-07-14T10:54:09 IST" duration-ms="4" status="PASS">
          <reporter-output>
          </reporter-output>
        </test-method> <!-- printTest2 -->
        <test-method signature="printTest3()[pri:0, instance:TestingTest.Testing2@49ec71f8]" started-at="2025-07-14T10:54:09 IST" name="printTest3" finished-at="2025-07-14T10:54:09 IST" duration-ms="4" status="PASS">
          <reporter-output>
          </reporter-output>
        </test-method> <!-- printTest3 -->
      </class> <!-- TestingTest.Testing2 -->
    </test> <!-- Test -->
  </suite> <!-- Suite -->
</testng-results>
